[INFO] [2017-11-09 21:14:49][org.springframework.web.context.ContextLoader]Root WebApplicationContext: initialization started
[INFO] [2017-11-09 21:14:49][org.springframework.web.context.support.XmlWebApplicationContext]Refreshing Root WebApplicationContext: startup date [Thu Nov 09 21:14:49 CST 2017]; root of context hierarchy
[INFO] [2017-11-09 21:14:49][org.springframework.beans.factory.xml.XmlBeanDefinitionReader]Loading XML bean definitions from class path resource [spring/spring-mybatis.xml]
[INFO] [2017-11-09 21:14:50][org.springframework.beans.factory.annotation.AutowiredAnnotationBeanPostProcessor]JSR-330 'javax.inject.Inject' annotation found and supported for autowiring
[INFO] [2017-11-09 21:14:50][org.springframework.web.context.ContextLoader]Root WebApplicationContext: initialization completed in 1389 ms
[INFO] [2017-11-09 21:14:50][org.springframework.web.servlet.DispatcherServlet]FrameworkServlet 'SpringMVC': initialization started
[INFO] [2017-11-09 21:14:50][org.springframework.web.context.support.XmlWebApplicationContext]Refreshing WebApplicationContext for namespace 'SpringMVC-servlet': startup date [Thu Nov 09 21:14:50 CST 2017]; parent: Root WebApplicationContext
[INFO] [2017-11-09 21:14:50][org.springframework.beans.factory.xml.XmlBeanDefinitionReader]Loading XML bean definitions from class path resource [spring/spring-mvc.xml]
[INFO] [2017-11-09 21:14:50][org.springframework.beans.factory.annotation.AutowiredAnnotationBeanPostProcessor]JSR-330 'javax.inject.Inject' annotation found and supported for autowiring
[INFO] [2017-11-09 21:14:51][org.springframework.web.servlet.mvc.annotation.DefaultAnnotationHandlerMapping]Mapped URL path [/sysUser/login] onto handler 'userController'
[INFO] [2017-11-09 21:14:51][org.springframework.web.servlet.mvc.annotation.DefaultAnnotationHandlerMapping]Mapped URL path [/sysUser/login.*] onto handler 'userController'
[INFO] [2017-11-09 21:14:51][org.springframework.web.servlet.mvc.annotation.DefaultAnnotationHandlerMapping]Mapped URL path [/sysUser/login/] onto handler 'userController'
[INFO] [2017-11-09 21:14:51][org.springframework.web.servlet.DispatcherServlet]FrameworkServlet 'SpringMVC': initialization completed in 562 ms
[WARN] [2017-11-09 21:15:13][org.springframework.web.servlet.PageNotFound]No mapping found for HTTP request with URI [/adminLTE] in DispatcherServlet with name 'SpringMVC'
[WARN] [2017-11-09 21:15:14][org.springframework.web.servlet.PageNotFound]No mapping found for HTTP request with URI [/favicon.ico] in DispatcherServlet with name 'SpringMVC'
[WARN] [2017-11-09 21:15:34][org.springframework.web.servlet.PageNotFound]No mapping found for HTTP request with URI [/] in DispatcherServlet with name 'SpringMVC'
[WARN] [2017-11-09 21:15:36][org.springframework.web.servlet.PageNotFound]No mapping found for HTTP request with URI [/] in DispatcherServlet with name 'SpringMVC'
[INFO] [2017-11-09 21:16:47][org.springframework.web.context.ContextLoader]Root WebApplicationContext: initialization started
[INFO] [2017-11-09 21:16:47][org.springframework.web.context.support.XmlWebApplicationContext]Refreshing Root WebApplicationContext: startup date [Thu Nov 09 21:16:47 CST 2017]; root of context hierarchy
[INFO] [2017-11-09 21:16:47][org.springframework.beans.factory.xml.XmlBeanDefinitionReader]Loading XML bean definitions from class path resource [spring/spring-mybatis.xml]
[INFO] [2017-11-09 21:16:47][org.springframework.beans.factory.annotation.AutowiredAnnotationBeanPostProcessor]JSR-330 'javax.inject.Inject' annotation found and supported for autowiring
[INFO] [2017-11-09 21:16:48][org.springframework.web.context.ContextLoader]Root WebApplicationContext: initialization completed in 1357 ms
[INFO] [2017-11-09 21:16:48][org.springframework.web.servlet.DispatcherServlet]FrameworkServlet 'SpringMVC': initialization started
[INFO] [2017-11-09 21:16:48][org.springframework.web.context.support.XmlWebApplicationContext]Refreshing WebApplicationContext for namespace 'SpringMVC-servlet': startup date [Thu Nov 09 21:16:48 CST 2017]; parent: Root WebApplicationContext
[INFO] [2017-11-09 21:16:48][org.springframework.beans.factory.xml.XmlBeanDefinitionReader]Loading XML bean definitions from class path resource [spring/spring-mvc.xml]
[INFO] [2017-11-09 21:16:48][org.springframework.beans.factory.annotation.AutowiredAnnotationBeanPostProcessor]JSR-330 'javax.inject.Inject' annotation found and supported for autowiring
[INFO] [2017-11-09 21:16:49][org.springframework.web.servlet.mvc.annotation.DefaultAnnotationHandlerMapping]Mapped URL path [/admin/sysUser/login] onto handler 'userController'
[INFO] [2017-11-09 21:16:49][org.springframework.web.servlet.mvc.annotation.DefaultAnnotationHandlerMapping]Mapped URL path [/admin/sysUser/login.*] onto handler 'userController'
[INFO] [2017-11-09 21:16:49][org.springframework.web.servlet.mvc.annotation.DefaultAnnotationHandlerMapping]Mapped URL path [/admin/sysUser/login/] onto handler 'userController'
[INFO] [2017-11-09 21:16:49][org.springframework.web.servlet.DispatcherServlet]FrameworkServlet 'SpringMVC': initialization completed in 584 ms
[INFO] [2017-11-09 21:26:39][org.springframework.web.context.ContextLoader]Root WebApplicationContext: initialization started
[INFO] [2017-11-09 21:26:39][org.springframework.web.context.support.XmlWebApplicationContext]Refreshing Root WebApplicationContext: startup date [Thu Nov 09 21:26:39 CST 2017]; root of context hierarchy
[INFO] [2017-11-09 21:26:39][org.springframework.beans.factory.xml.XmlBeanDefinitionReader]Loading XML bean definitions from class path resource [spring/spring-mybatis.xml]
[INFO] [2017-11-09 21:26:40][org.springframework.beans.factory.annotation.AutowiredAnnotationBeanPostProcessor]JSR-330 'javax.inject.Inject' annotation found and supported for autowiring
[INFO] [2017-11-09 21:26:40][org.springframework.web.context.ContextLoader]Root WebApplicationContext: initialization completed in 1356 ms
[INFO] [2017-11-09 21:26:41][org.springframework.web.servlet.DispatcherServlet]FrameworkServlet 'SpringMVC': initialization started
[INFO] [2017-11-09 21:26:41][org.springframework.web.context.support.XmlWebApplicationContext]Refreshing WebApplicationContext for namespace 'SpringMVC-servlet': startup date [Thu Nov 09 21:26:41 CST 2017]; parent: Root WebApplicationContext
[INFO] [2017-11-09 21:26:41][org.springframework.beans.factory.xml.XmlBeanDefinitionReader]Loading XML bean definitions from class path resource [spring/spring-mvc.xml]
[INFO] [2017-11-09 21:26:41][org.springframework.beans.factory.annotation.AutowiredAnnotationBeanPostProcessor]JSR-330 'javax.inject.Inject' annotation found and supported for autowiring
[INFO] [2017-11-09 21:26:41][org.springframework.web.servlet.mvc.annotation.DefaultAnnotationHandlerMapping]Mapped URL path [/admin/index] onto handler 'userController'
[INFO] [2017-11-09 21:26:41][org.springframework.web.servlet.mvc.annotation.DefaultAnnotationHandlerMapping]Mapped URL path [/admin/index.*] onto handler 'userController'
[INFO] [2017-11-09 21:26:41][org.springframework.web.servlet.mvc.annotation.DefaultAnnotationHandlerMapping]Mapped URL path [/admin/index/] onto handler 'userController'
[INFO] [2017-11-09 21:26:41][org.springframework.web.servlet.DispatcherServlet]FrameworkServlet 'SpringMVC': initialization completed in 578 ms
[WARN] [2017-11-09 21:26:53][org.springframework.web.servlet.PageNotFound]No mapping found for HTTP request with URI [/common/bootstrap/css/bootstrap.min.css] in DispatcherServlet with name 'SpringMVC'
[WARN] [2017-11-09 21:26:53][org.springframework.web.servlet.PageNotFound]No mapping found for HTTP request with URI [/common/adminlte/css/AdminLTE.min.css] in DispatcherServlet with name 'SpringMVC'
[WARN] [2017-11-09 21:26:53][org.springframework.web.servlet.PageNotFound]No mapping found for HTTP request with URI [/common/plugins/iCheck/square/blue.css] in DispatcherServlet with name 'SpringMVC'
[WARN] [2017-11-09 21:26:53][org.springframework.web.servlet.PageNotFound]No mapping found for HTTP request with URI [/bootstrap/js/bootstrap.min.js] in DispatcherServlet with name 'SpringMVC'
[WARN] [2017-11-09 21:26:53][org.springframework.web.servlet.PageNotFound]No mapping found for HTTP request with URI [/plugins/iCheck/icheck.min.js] in DispatcherServlet with name 'SpringMVC'
[WARN] [2017-11-09 21:26:53][org.springframework.web.servlet.PageNotFound]No mapping found for HTTP request with URI [/plugins/jQuery/jquery-2.2.3.min.js] in DispatcherServlet with name 'SpringMVC'
[WARN] [2017-11-09 21:26:54][org.springframework.web.servlet.PageNotFound]No mapping found for HTTP request with URI [/bootstrap/js/bootstrap.min.js] in DispatcherServlet with name 'SpringMVC'
[WARN] [2017-11-09 21:26:54][org.springframework.web.servlet.PageNotFound]No mapping found for HTTP request with URI [/plugins/iCheck/icheck.min.js] in DispatcherServlet with name 'SpringMVC'
[WARN] [2017-11-09 21:27:06][org.springframework.web.servlet.PageNotFound]No mapping found for HTTP request with URI [/common/bootstrap/css/bootstrap.min.css] in DispatcherServlet with name 'SpringMVC'
[WARN] [2017-11-09 21:27:06][org.springframework.web.servlet.PageNotFound]No mapping found for HTTP request with URI [/common/adminlte/css/AdminLTE.min.css] in DispatcherServlet with name 'SpringMVC'
[WARN] [2017-11-09 21:27:06][org.springframework.web.servlet.PageNotFound]No mapping found for HTTP request with URI [/common/plugins/iCheck/square/blue.css] in DispatcherServlet with name 'SpringMVC'
[WARN] [2017-11-09 21:31:38][org.springframework.web.servlet.PageNotFound]No mapping found for HTTP request with URI [/common/bootstrap/css/bootstrap.min.css] in DispatcherServlet with name 'SpringMVC'
[WARN] [2017-11-09 21:31:38][org.springframework.web.servlet.PageNotFound]No mapping found for HTTP request with URI [/common/plugins/jQuery/jquery-2.2.3.min.js] in DispatcherServlet with name 'SpringMVC'
[WARN] [2017-11-09 21:31:38][org.springframework.web.servlet.PageNotFound]No mapping found for HTTP request with URI [/common/bootstrap/js/bootstrap.min.js] in DispatcherServlet with name 'SpringMVC'
[WARN] [2017-11-09 21:31:38][org.springframework.web.servlet.PageNotFound]No mapping found for HTTP request with URI [/common/adminlte/css/AdminLTE.min.css] in DispatcherServlet with name 'SpringMVC'
[WARN] [2017-11-09 21:31:38][org.springframework.web.servlet.PageNotFound]No mapping found for HTTP request with URI [/common/plugins/iCheck/square/blue.css] in DispatcherServlet with name 'SpringMVC'
[WARN] [2017-11-09 21:31:38][org.springframework.web.servlet.PageNotFound]No mapping found for HTTP request with URI [/common/plugins/iCheck/icheck.min.js] in DispatcherServlet with name 'SpringMVC'
[WARN] [2017-11-09 21:31:38][org.springframework.web.servlet.PageNotFound]No mapping found for HTTP request with URI [/common/plugins/jQuery/jquery-2.2.3.min.js] in DispatcherServlet with name 'SpringMVC'
[WARN] [2017-11-09 21:31:38][org.springframework.web.servlet.PageNotFound]No mapping found for HTTP request with URI [/common/bootstrap/js/bootstrap.min.js] in DispatcherServlet with name 'SpringMVC'
[WARN] [2017-11-09 21:31:39][org.springframework.web.servlet.PageNotFound]No mapping found for HTTP request with URI [/common/plugins/iCheck/icheck.min.js] in DispatcherServlet with name 'SpringMVC'
[INFO] [2017-11-09 21:36:04][org.springframework.web.context.ContextLoader]Root WebApplicationContext: initialization started
[INFO] [2017-11-09 21:36:04][org.springframework.web.context.support.XmlWebApplicationContext]Refreshing Root WebApplicationContext: startup date [Thu Nov 09 21:36:04 CST 2017]; root of context hierarchy
[INFO] [2017-11-09 21:36:04][org.springframework.beans.factory.xml.XmlBeanDefinitionReader]Loading XML bean definitions from class path resource [spring/spring-mybatis.xml]
[INFO] [2017-11-09 21:36:04][org.springframework.beans.factory.annotation.AutowiredAnnotationBeanPostProcessor]JSR-330 'javax.inject.Inject' annotation found and supported for autowiring
[INFO] [2017-11-09 21:36:05][org.springframework.web.context.ContextLoader]Root WebApplicationContext: initialization completed in 1308 ms
[INFO] [2017-11-09 21:36:05][org.springframework.web.servlet.DispatcherServlet]FrameworkServlet 'SpringMVC': initialization started
[INFO] [2017-11-09 21:36:05][org.springframework.web.context.support.XmlWebApplicationContext]Refreshing WebApplicationContext for namespace 'SpringMVC-servlet': startup date [Thu Nov 09 21:36:05 CST 2017]; parent: Root WebApplicationContext
[INFO] [2017-11-09 21:36:05][org.springframework.beans.factory.xml.XmlBeanDefinitionReader]Loading XML bean definitions from class path resource [spring/spring-mvc.xml]
[INFO] [2017-11-09 21:36:05][org.springframework.beans.factory.annotation.AutowiredAnnotationBeanPostProcessor]JSR-330 'javax.inject.Inject' annotation found and supported for autowiring
[INFO] [2017-11-09 21:36:05][org.springframework.web.servlet.handler.SimpleUrlHandlerMapping]Mapped URL path [/**] onto handler 'org.springframework.web.servlet.resource.DefaultServletHttpRequestHandler#0'
[INFO] [2017-11-09 21:36:06][org.springframework.web.servlet.DispatcherServlet]FrameworkServlet 'SpringMVC': initialization completed in 668 ms
[INFO] [2017-11-09 21:40:17][org.springframework.web.context.ContextLoader]Root WebApplicationContext: initialization started
[INFO] [2017-11-09 21:40:17][org.springframework.web.context.support.XmlWebApplicationContext]Refreshing Root WebApplicationContext: startup date [Thu Nov 09 21:40:17 CST 2017]; root of context hierarchy
[INFO] [2017-11-09 21:40:17][org.springframework.beans.factory.xml.XmlBeanDefinitionReader]Loading XML bean definitions from class path resource [spring/spring-mybatis.xml]
[INFO] [2017-11-09 21:40:18][org.springframework.beans.factory.annotation.AutowiredAnnotationBeanPostProcessor]JSR-330 'javax.inject.Inject' annotation found and supported for autowiring
[INFO] [2017-11-09 21:40:18][org.springframework.web.context.ContextLoader]Root WebApplicationContext: initialization completed in 1270 ms
[INFO] [2017-11-09 21:40:18][org.springframework.web.servlet.DispatcherServlet]FrameworkServlet 'SpringMVC': initialization started
[INFO] [2017-11-09 21:40:18][org.springframework.web.context.support.XmlWebApplicationContext]Refreshing WebApplicationContext for namespace 'SpringMVC-servlet': startup date [Thu Nov 09 21:40:18 CST 2017]; parent: Root WebApplicationContext
[INFO] [2017-11-09 21:40:18][org.springframework.beans.factory.xml.XmlBeanDefinitionReader]Loading XML bean definitions from class path resource [spring/spring-mvc.xml]
[INFO] [2017-11-09 21:40:18][org.springframework.beans.factory.annotation.AutowiredAnnotationBeanPostProcessor]JSR-330 'javax.inject.Inject' annotation found and supported for autowiring
[INFO] [2017-11-09 21:40:18][org.springframework.web.servlet.handler.SimpleUrlHandlerMapping]Mapped URL path [/**] onto handler 'org.springframework.web.servlet.resource.DefaultServletHttpRequestHandler#0'
[INFO] [2017-11-09 21:40:19][org.springframework.web.servlet.DispatcherServlet]FrameworkServlet 'SpringMVC': initialization completed in 576 ms
[INFO] [2017-11-09 21:40:53][org.springframework.web.context.ContextLoader]Root WebApplicationContext: initialization started
[INFO] [2017-11-09 21:40:53][org.springframework.web.context.support.XmlWebApplicationContext]Refreshing Root WebApplicationContext: startup date [Thu Nov 09 21:40:53 CST 2017]; root of context hierarchy
[INFO] [2017-11-09 21:40:53][org.springframework.beans.factory.xml.XmlBeanDefinitionReader]Loading XML bean definitions from class path resource [spring/spring-mybatis.xml]
[INFO] [2017-11-09 21:40:54][org.springframework.beans.factory.annotation.AutowiredAnnotationBeanPostProcessor]JSR-330 'javax.inject.Inject' annotation found and supported for autowiring
[INFO] [2017-11-09 21:40:54][org.springframework.web.context.ContextLoader]Root WebApplicationContext: initialization completed in 1301 ms
[INFO] [2017-11-09 21:40:54][org.springframework.web.servlet.DispatcherServlet]FrameworkServlet 'SpringMVC': initialization started
[INFO] [2017-11-09 21:40:54][org.springframework.web.context.support.XmlWebApplicationContext]Refreshing WebApplicationContext for namespace 'SpringMVC-servlet': startup date [Thu Nov 09 21:40:54 CST 2017]; parent: Root WebApplicationContext
[INFO] [2017-11-09 21:40:54][org.springframework.beans.factory.xml.XmlBeanDefinitionReader]Loading XML bean definitions from class path resource [spring/spring-mvc.xml]
[INFO] [2017-11-09 21:40:55][org.springframework.beans.factory.annotation.AutowiredAnnotationBeanPostProcessor]JSR-330 'javax.inject.Inject' annotation found and supported for autowiring
[INFO] [2017-11-09 21:40:55][org.springframework.web.servlet.mvc.annotation.DefaultAnnotationHandlerMapping]Mapped URL path [/admin/index] onto handler 'userController'
[INFO] [2017-11-09 21:40:55][org.springframework.web.servlet.mvc.annotation.DefaultAnnotationHandlerMapping]Mapped URL path [/admin/index.*] onto handler 'userController'
[INFO] [2017-11-09 21:40:55][org.springframework.web.servlet.mvc.annotation.DefaultAnnotationHandlerMapping]Mapped URL path [/admin/index/] onto handler 'userController'
[INFO] [2017-11-09 21:40:55][org.springframework.web.servlet.DispatcherServlet]FrameworkServlet 'SpringMVC': initialization completed in 556 ms
[WARN] [2017-11-09 21:41:12][org.springframework.web.servlet.PageNotFound]No mapping found for HTTP request with URI [/WEB-INF/jsp/admin/login.jsp] in DispatcherServlet with name 'SpringMVC'
[WARN] [2017-11-09 21:41:54][org.springframework.web.servlet.PageNotFound]No mapping found for HTTP request with URI [/WEB-INF/jsp/admin/login.jsp] in DispatcherServlet with name 'SpringMVC'
[INFO] [2017-11-09 21:45:13][org.springframework.web.context.ContextLoader]Root WebApplicationContext: initialization started
[INFO] [2017-11-09 21:45:14][org.springframework.web.context.support.XmlWebApplicationContext]Refreshing Root WebApplicationContext: startup date [Thu Nov 09 21:45:14 CST 2017]; root of context hierarchy
[INFO] [2017-11-09 21:45:14][org.springframework.beans.factory.xml.XmlBeanDefinitionReader]Loading XML bean definitions from class path resource [spring/spring-mybatis.xml]
[INFO] [2017-11-09 21:45:14][org.springframework.beans.factory.annotation.AutowiredAnnotationBeanPostProcessor]JSR-330 'javax.inject.Inject' annotation found and supported for autowiring
[INFO] [2017-11-09 21:45:15][org.springframework.web.context.ContextLoader]Root WebApplicationContext: initialization completed in 1242 ms
[INFO] [2017-11-09 21:45:15][org.springframework.web.servlet.DispatcherServlet]FrameworkServlet 'SpringMVC': initialization started
[INFO] [2017-11-09 21:45:15][org.springframework.web.context.support.XmlWebApplicationContext]Refreshing WebApplicationContext for namespace 'SpringMVC-servlet': startup date [Thu Nov 09 21:45:15 CST 2017]; parent: Root WebApplicationContext
[INFO] [2017-11-09 21:45:15][org.springframework.beans.factory.xml.XmlBeanDefinitionReader]Loading XML bean definitions from class path resource [spring/spring-mvc.xml]
[INFO] [2017-11-09 21:45:15][org.springframework.beans.factory.annotation.AutowiredAnnotationBeanPostProcessor]JSR-330 'javax.inject.Inject' annotation found and supported for autowiring
[INFO] [2017-11-09 21:45:15][org.springframework.web.servlet.mvc.annotation.DefaultAnnotationHandlerMapping]Mapped URL path [/admin/index] onto handler 'userController'
[INFO] [2017-11-09 21:45:15][org.springframework.web.servlet.mvc.annotation.DefaultAnnotationHandlerMapping]Mapped URL path [/admin/index.*] onto handler 'userController'
[INFO] [2017-11-09 21:45:15][org.springframework.web.servlet.mvc.annotation.DefaultAnnotationHandlerMapping]Mapped URL path [/admin/index/] onto handler 'userController'
[INFO] [2017-11-09 21:45:15][org.springframework.web.servlet.DispatcherServlet]FrameworkServlet 'SpringMVC': initialization completed in 633 ms
[WARN] [2017-11-09 21:45:28][org.springframework.web.servlet.PageNotFound]No mapping found for HTTP request with URI [/WEB-INF/jsp/admin/login.jsp] in DispatcherServlet with name 'SpringMVC'
[INFO] [2017-11-09 21:48:34][org.springframework.web.context.ContextLoader]Root WebApplicationContext: initialization started
[INFO] [2017-11-09 21:48:34][org.springframework.web.context.support.XmlWebApplicationContext]Refreshing Root WebApplicationContext: startup date [Thu Nov 09 21:48:34 CST 2017]; root of context hierarchy
[INFO] [2017-11-09 21:48:34][org.springframework.beans.factory.xml.XmlBeanDefinitionReader]Loading XML bean definitions from class path resource [spring/spring-mybatis.xml]
[INFO] [2017-11-09 21:48:35][org.springframework.beans.factory.annotation.AutowiredAnnotationBeanPostProcessor]JSR-330 'javax.inject.Inject' annotation found and supported for autowiring
[INFO] [2017-11-09 21:48:35][org.springframework.web.context.ContextLoader]Root WebApplicationContext: initialization completed in 1327 ms
[INFO] [2017-11-09 21:48:35][org.springframework.web.servlet.DispatcherServlet]FrameworkServlet 'SpringMVC': initialization started
[INFO] [2017-11-09 21:48:35][org.springframework.web.context.support.XmlWebApplicationContext]Refreshing WebApplicationContext for namespace 'SpringMVC-servlet': startup date [Thu Nov 09 21:48:35 CST 2017]; parent: Root WebApplicationContext
[INFO] [2017-11-09 21:48:35][org.springframework.beans.factory.xml.XmlBeanDefinitionReader]Loading XML bean definitions from class path resource [spring/spring-mvc.xml]
[INFO] [2017-11-09 21:48:36][org.springframework.beans.factory.annotation.AutowiredAnnotationBeanPostProcessor]JSR-330 'javax.inject.Inject' annotation found and supported for autowiring
[INFO] [2017-11-09 21:48:36][org.springframework.web.servlet.mvc.annotation.DefaultAnnotationHandlerMapping]Mapped URL path [/admin/index] onto handler 'userController'
[INFO] [2017-11-09 21:48:36][org.springframework.web.servlet.mvc.annotation.DefaultAnnotationHandlerMapping]Mapped URL path [/admin/index.*] onto handler 'userController'
[INFO] [2017-11-09 21:48:36][org.springframework.web.servlet.mvc.annotation.DefaultAnnotationHandlerMapping]Mapped URL path [/admin/index/] onto handler 'userController'
[INFO] [2017-11-09 21:48:36][org.springframework.web.servlet.DispatcherServlet]FrameworkServlet 'SpringMVC': initialization completed in 680 ms
[WARN] [2017-11-09 21:49:33][org.springframework.web.servlet.PageNotFound]No mapping found for HTTP request with URI [/static/bootstrap/css/bootstrap.min.css] in DispatcherServlet with name 'SpringMVC'
[WARN] [2017-11-09 21:49:33][org.springframework.web.servlet.PageNotFound]No mapping found for HTTP request with URI [/static/bootstrap/js/bootstrap.min.js] in DispatcherServlet with name 'SpringMVC'
[WARN] [2017-11-09 21:49:33][org.springframework.web.servlet.PageNotFound]No mapping found for HTTP request with URI [/static/adminlte/css/AdminLTE.min.css] in DispatcherServlet with name 'SpringMVC'
[WARN] [2017-11-09 21:49:33][org.springframework.web.servlet.PageNotFound]No mapping found for HTTP request with URI [/static/plugins/jQuery/jquery-2.2.3.min.js] in DispatcherServlet with name 'SpringMVC'
[WARN] [2017-11-09 21:49:33][org.springframework.web.servlet.PageNotFound]No mapping found for HTTP request with URI [/static/plugins/iCheck/icheck.min.js] in DispatcherServlet with name 'SpringMVC'
[WARN] [2017-11-09 21:49:33][org.springframework.web.servlet.PageNotFound]No mapping found for HTTP request with URI [/static/plugins/iCheck/square/blue.css] in DispatcherServlet with name 'SpringMVC'
[WARN] [2017-11-09 21:49:33][org.springframework.web.servlet.PageNotFound]No mapping found for HTTP request with URI [/static/bootstrap/js/bootstrap.min.js] in DispatcherServlet with name 'SpringMVC'
[WARN] [2017-11-09 21:49:33][org.springframework.web.servlet.PageNotFound]No mapping found for HTTP request with URI [/static/plugins/iCheck/icheck.min.js] in DispatcherServlet with name 'SpringMVC'
[INFO] [2017-11-09 21:49:53][org.springframework.web.context.ContextLoader]Root WebApplicationContext: initialization started
[INFO] [2017-11-09 21:49:53][org.springframework.web.context.support.XmlWebApplicationContext]Refreshing Root WebApplicationContext: startup date [Thu Nov 09 21:49:53 CST 2017]; root of context hierarchy
[INFO] [2017-11-09 21:49:53][org.springframework.beans.factory.xml.XmlBeanDefinitionReader]Loading XML bean definitions from class path resource [spring/spring-mybatis.xml]
[INFO] [2017-11-09 21:49:53][org.springframework.beans.factory.annotation.AutowiredAnnotationBeanPostProcessor]JSR-330 'javax.inject.Inject' annotation found and supported for autowiring
[INFO] [2017-11-09 21:49:54][org.springframework.web.context.ContextLoader]Root WebApplicationContext: initialization completed in 1274 ms
[INFO] [2017-11-09 21:49:54][org.springframework.web.servlet.DispatcherServlet]FrameworkServlet 'SpringMVC': initialization started
[INFO] [2017-11-09 21:49:54][org.springframework.web.context.support.XmlWebApplicationContext]Refreshing WebApplicationContext for namespace 'SpringMVC-servlet': startup date [Thu Nov 09 21:49:54 CST 2017]; parent: Root WebApplicationContext
[INFO] [2017-11-09 21:49:54][org.springframework.beans.factory.xml.XmlBeanDefinitionReader]Loading XML bean definitions from class path resource [spring/spring-mvc.xml]
[INFO] [2017-11-09 21:49:54][org.springframework.beans.factory.annotation.AutowiredAnnotationBeanPostProcessor]JSR-330 'javax.inject.Inject' annotation found and supported for autowiring
[INFO] [2017-11-09 21:49:54][org.springframework.web.servlet.handler.SimpleUrlHandlerMapping]Mapped URL path [/**] onto handler 'org.springframework.web.servlet.resource.DefaultServletHttpRequestHandler#0'
[INFO] [2017-11-09 21:49:55][org.springframework.web.servlet.DispatcherServlet]FrameworkServlet 'SpringMVC': initialization completed in 601 ms
[INFO] [2017-11-09 21:58:42][org.springframework.web.context.ContextLoader]Root WebApplicationContext: initialization started
[INFO] [2017-11-09 21:58:42][org.springframework.web.context.support.XmlWebApplicationContext]Refreshing Root WebApplicationContext: startup date [Thu Nov 09 21:58:42 CST 2017]; root of context hierarchy
[INFO] [2017-11-09 21:58:42][org.springframework.beans.factory.xml.XmlBeanDefinitionReader]Loading XML bean definitions from class path resource [spring/spring-mybatis.xml]
[INFO] [2017-11-09 21:58:43][org.springframework.beans.factory.annotation.AutowiredAnnotationBeanPostProcessor]JSR-330 'javax.inject.Inject' annotation found and supported for autowiring
[INFO] [2017-11-09 21:58:43][org.springframework.web.context.ContextLoader]Root WebApplicationContext: initialization completed in 1390 ms
[INFO] [2017-11-09 21:58:43][org.springframework.web.servlet.DispatcherServlet]FrameworkServlet 'SpringMVC': initialization started
[INFO] [2017-11-09 21:58:43][org.springframework.web.context.support.XmlWebApplicationContext]Refreshing WebApplicationContext for namespace 'SpringMVC-servlet': startup date [Thu Nov 09 21:58:43 CST 2017]; parent: Root WebApplicationContext
[INFO] [2017-11-09 21:58:43][org.springframework.beans.factory.xml.XmlBeanDefinitionReader]Loading XML bean definitions from class path resource [spring/spring-mvc.xml]
[INFO] [2017-11-09 21:58:43][org.springframework.beans.factory.annotation.AutowiredAnnotationBeanPostProcessor]JSR-330 'javax.inject.Inject' annotation found and supported for autowiring
[INFO] [2017-11-09 21:58:44][org.springframework.web.servlet.handler.SimpleUrlHandlerMapping]Mapped URL path [/images/**] onto handler 'org.springframework.web.servlet.resource.ResourceHttpRequestHandler#0'
[INFO] [2017-11-09 21:58:44][org.springframework.web.servlet.handler.SimpleUrlHandlerMapping]Mapped URL path [/js/**] onto handler 'org.springframework.web.servlet.resource.ResourceHttpRequestHandler#1'
[INFO] [2017-11-09 21:58:44][org.springframework.web.servlet.handler.SimpleUrlHandlerMapping]Mapped URL path [/css/**] onto handler 'org.springframework.web.servlet.resource.ResourceHttpRequestHandler#2'
[INFO] [2017-11-09 21:58:44][org.springframework.web.servlet.handler.SimpleUrlHandlerMapping]Mapped URL path [/plugins/**] onto handler 'org.springframework.web.servlet.resource.ResourceHttpRequestHandler#3'
[INFO] [2017-11-09 21:58:44][org.springframework.web.servlet.DispatcherServlet]FrameworkServlet 'SpringMVC': initialization completed in 696 ms
[INFO] [2017-11-09 22:04:43][org.springframework.web.context.ContextLoader]Root WebApplicationContext: initialization started
[INFO] [2017-11-09 22:04:43][org.springframework.web.context.support.XmlWebApplicationContext]Refreshing Root WebApplicationContext: startup date [Thu Nov 09 22:04:43 CST 2017]; root of context hierarchy
[INFO] [2017-11-09 22:04:43][org.springframework.beans.factory.xml.XmlBeanDefinitionReader]Loading XML bean definitions from class path resource [spring/spring-mybatis.xml]
[INFO] [2017-11-09 22:04:44][org.springframework.beans.factory.annotation.AutowiredAnnotationBeanPostProcessor]JSR-330 'javax.inject.Inject' annotation found and supported for autowiring
[INFO] [2017-11-09 22:04:45][org.springframework.web.context.ContextLoader]Root WebApplicationContext: initialization completed in 1654 ms
[INFO] [2017-11-09 22:04:45][org.springframework.web.servlet.DispatcherServlet]FrameworkServlet 'SpringMVC': initialization started
[INFO] [2017-11-09 22:04:45][org.springframework.web.context.support.XmlWebApplicationContext]Refreshing WebApplicationContext for namespace 'SpringMVC-servlet': startup date [Thu Nov 09 22:04:45 CST 2017]; parent: Root WebApplicationContext
[INFO] [2017-11-09 22:04:45][org.springframework.beans.factory.xml.XmlBeanDefinitionReader]Loading XML bean definitions from class path resource [spring/spring-mvc.xml]
[ERROR] [2017-11-09 22:04:45][org.springframework.web.servlet.DispatcherServlet]Context initialization failed
org.springframework.beans.factory.xml.XmlBeanDefinitionStoreException: Line 15 in XML document from class path resource [spring/spring-mvc.xml] is invalid; nested exception is org.xml.sax.SAXParseException; lineNumber: 15; columnNumber: 3; 文档中根元素后面的标记必须格式正确。
	at org.springframework.beans.factory.xml.XmlBeanDefinitionReader.doLoadBeanDefinitions(XmlBeanDefinitionReader.java:399)
	at org.springframework.beans.factory.xml.XmlBeanDefinitionReader.loadBeanDefinitions(XmlBeanDefinitionReader.java:336)
	at org.springframework.beans.factory.xml.XmlBeanDefinitionReader.loadBeanDefinitions(XmlBeanDefinitionReader.java:304)
	at org.springframework.beans.factory.support.AbstractBeanDefinitionReader.loadBeanDefinitions(AbstractBeanDefinitionReader.java:181)
	at org.springframework.beans.factory.support.AbstractBeanDefinitionReader.loadBeanDefinitions(AbstractBeanDefinitionReader.java:217)
	at org.springframework.beans.factory.support.AbstractBeanDefinitionReader.loadBeanDefinitions(AbstractBeanDefinitionReader.java:188)
	at org.springframework.web.context.support.XmlWebApplicationContext.loadBeanDefinitions(XmlWebApplicationContext.java:125)
	at org.springframework.web.context.support.XmlWebApplicationContext.loadBeanDefinitions(XmlWebApplicationContext.java:94)
	at org.springframework.context.support.AbstractRefreshableApplicationContext.refreshBeanFactory(AbstractRefreshableApplicationContext.java:129)
	at org.springframework.context.support.AbstractApplicationContext.obtainFreshBeanFactory(AbstractApplicationContext.java:613)
	at org.springframework.context.support.AbstractApplicationContext.refresh(AbstractApplicationContext.java:514)
	at org.springframework.web.servlet.FrameworkServlet.configureAndRefreshWebApplicationContext(FrameworkServlet.java:668)
	at org.springframework.web.servlet.FrameworkServlet.createWebApplicationContext(FrameworkServlet.java:634)
	at org.springframework.web.servlet.FrameworkServlet.createWebApplicationContext(FrameworkServlet.java:682)
	at org.springframework.web.servlet.FrameworkServlet.initWebApplicationContext(FrameworkServlet.java:553)
	at org.springframework.web.servlet.FrameworkServlet.initServletBean(FrameworkServlet.java:494)
	at org.springframework.web.servlet.HttpServletBean.init(HttpServletBean.java:138)
	at javax.servlet.GenericServlet.init(GenericServlet.java:244)
	at org.eclipse.jetty.servlet.ServletHolder.initServlet(ServletHolder.java:637)
	at org.eclipse.jetty.servlet.ServletHolder.initialize(ServletHolder.java:421)
	at org.eclipse.jetty.servlet.ServletHandler.initialize(ServletHandler.java:760)
	at org.eclipse.jetty.servlet.ServletContextHandler.startContext(ServletContextHandler.java:348)
	at org.eclipse.jetty.webapp.WebAppContext.startWebapp(WebAppContext.java:1514)
	at org.eclipse.jetty.maven.plugin.JettyWebAppContext.startWebapp(JettyWebAppContext.java:359)
	at org.eclipse.jetty.webapp.WebAppContext.startContext(WebAppContext.java:1476)
	at org.eclipse.jetty.server.handler.ContextHandler.doStart(ContextHandler.java:785)
	at org.eclipse.jetty.servlet.ServletContextHandler.doStart(ServletContextHandler.java:261)
	at org.eclipse.jetty.webapp.WebAppContext.doStart(WebAppContext.java:545)
	at org.eclipse.jetty.maven.plugin.JettyWebAppContext.doStart(JettyWebAppContext.java:434)
	at org.eclipse.jetty.util.component.AbstractLifeCycle.start(AbstractLifeCycle.java:68)
	at org.eclipse.jetty.util.component.ContainerLifeCycle.start(ContainerLifeCycle.java:131)
	at org.eclipse.jetty.util.component.ContainerLifeCycle.doStart(ContainerLifeCycle.java:113)
	at org.eclipse.jetty.server.handler.AbstractHandler.doStart(AbstractHandler.java:113)
	at org.eclipse.jetty.server.handler.ContextHandlerCollection.doStart(ContextHandlerCollection.java:167)
	at org.eclipse.jetty.util.component.AbstractLifeCycle.start(AbstractLifeCycle.java:68)
	at org.eclipse.jetty.util.component.ContainerLifeCycle.start(ContainerLifeCycle.java:131)
	at org.eclipse.jetty.util.component.ContainerLifeCycle.doStart(ContainerLifeCycle.java:113)
	at org.eclipse.jetty.server.handler.AbstractHandler.doStart(AbstractHandler.java:113)
	at org.eclipse.jetty.util.component.AbstractLifeCycle.start(AbstractLifeCycle.java:68)
	at org.eclipse.jetty.util.component.ContainerLifeCycle.start(ContainerLifeCycle.java:131)
	at org.eclipse.jetty.server.Server.start(Server.java:449)
	at org.eclipse.jetty.util.component.ContainerLifeCycle.doStart(ContainerLifeCycle.java:105)
	at org.eclipse.jetty.server.handler.AbstractHandler.doStart(AbstractHandler.java:113)
	at org.eclipse.jetty.server.Server.doStart(Server.java:416)
	at org.eclipse.jetty.util.component.AbstractLifeCycle.start(AbstractLifeCycle.java:68)
	at org.eclipse.jetty.maven.plugin.AbstractJettyMojo.startJetty(AbstractJettyMojo.java:467)
	at org.eclipse.jetty.maven.plugin.AbstractJettyMojo.execute(AbstractJettyMojo.java:333)
	at org.eclipse.jetty.maven.plugin.JettyRunMojo.execute(JettyRunMojo.java:180)
	at org.apache.maven.plugin.DefaultBuildPluginManager.executeMojo(DefaultBuildPluginManager.java:134)
	at org.apache.maven.lifecycle.internal.MojoExecutor.execute(MojoExecutor.java:207)
	at org.apache.maven.lifecycle.internal.MojoExecutor.execute(MojoExecutor.java:153)
	at org.apache.maven.lifecycle.internal.MojoExecutor.execute(MojoExecutor.java:145)
	at org.apache.maven.lifecycle.internal.LifecycleModuleBuilder.buildProject(LifecycleModuleBuilder.java:116)
	at org.apache.maven.lifecycle.internal.LifecycleModuleBuilder.buildProject(LifecycleModuleBuilder.java:80)
	at org.apache.maven.lifecycle.internal.builder.singlethreaded.SingleThreadedBuilder.build(SingleThreadedBuilder.java:51)
	at org.apache.maven.lifecycle.internal.LifecycleStarter.execute(LifecycleStarter.java:128)
	at org.apache.maven.DefaultMaven.doExecute(DefaultMaven.java:307)
	at org.apache.maven.DefaultMaven.doExecute(DefaultMaven.java:193)
	at org.apache.maven.DefaultMaven.execute(DefaultMaven.java:106)
	at org.apache.maven.cli.MavenCli.execute(MavenCli.java:863)
	at org.apache.maven.cli.MavenCli.doMain(MavenCli.java:288)
	at org.apache.maven.cli.MavenCli.main(MavenCli.java:199)
	at sun.reflect.NativeMethodAccessorImpl.invoke0(Native Method)
	at sun.reflect.NativeMethodAccessorImpl.invoke(NativeMethodAccessorImpl.java:62)
	at sun.reflect.DelegatingMethodAccessorImpl.invoke(DelegatingMethodAccessorImpl.java:43)
	at java.lang.reflect.Method.invoke(Method.java:498)
	at org.codehaus.plexus.classworlds.launcher.Launcher.launchEnhanced(Launcher.java:289)
	at org.codehaus.plexus.classworlds.launcher.Launcher.launch(Launcher.java:229)
	at org.codehaus.plexus.classworlds.launcher.Launcher.mainWithExitCode(Launcher.java:415)
	at org.codehaus.plexus.classworlds.launcher.Launcher.main(Launcher.java:356)
Caused by: org.xml.sax.SAXParseException; lineNumber: 15; columnNumber: 3; 文档中根元素后面的标记必须格式正确。
	at com.sun.org.apache.xerces.internal.util.ErrorHandlerWrapper.createSAXParseException(ErrorHandlerWrapper.java:203)
	at com.sun.org.apache.xerces.internal.util.ErrorHandlerWrapper.fatalError(ErrorHandlerWrapper.java:177)
	at com.sun.org.apache.xerces.internal.impl.XMLErrorReporter.reportError(XMLErrorReporter.java:400)
	at com.sun.org.apache.xerces.internal.impl.XMLErrorReporter.reportError(XMLErrorReporter.java:327)
	at com.sun.org.apache.xerces.internal.impl.XMLScanner.reportFatalError(XMLScanner.java:1472)
	at com.sun.org.apache.xerces.internal.impl.XMLDocumentScannerImpl$TrailingMiscDriver.next(XMLDocumentScannerImpl.java:1395)
	at com.sun.org.apache.xerces.internal.impl.XMLDocumentScannerImpl.next(XMLDocumentScannerImpl.java:602)
	at com.sun.org.apache.xerces.internal.impl.XMLNSDocumentScannerImpl.next(XMLNSDocumentScannerImpl.java:112)
	at com.sun.org.apache.xerces.internal.impl.XMLDocumentFragmentScannerImpl.scanDocument(XMLDocumentFragmentScannerImpl.java:505)
	at com.sun.org.apache.xerces.internal.parsers.XML11Configuration.parse(XML11Configuration.java:841)
	at com.sun.org.apache.xerces.internal.parsers.XML11Configuration.parse(XML11Configuration.java:770)
	at com.sun.org.apache.xerces.internal.parsers.XMLParser.parse(XMLParser.java:141)
	at com.sun.org.apache.xerces.internal.parsers.DOMParser.parse(DOMParser.java:243)
	at com.sun.org.apache.xerces.internal.jaxp.DocumentBuilderImpl.parse(DocumentBuilderImpl.java:339)
	at org.springframework.beans.factory.xml.DefaultDocumentLoader.loadDocument(DefaultDocumentLoader.java:76)
	at org.springframework.beans.factory.xml.XmlBeanDefinitionReader.doLoadDocument(XmlBeanDefinitionReader.java:429)
	at org.springframework.beans.factory.xml.XmlBeanDefinitionReader.doLoadBeanDefinitions(XmlBeanDefinitionReader.java:391)
	... 69 more
[INFO] [2017-11-09 22:05:29][org.springframework.web.context.ContextLoader]Root WebApplicationContext: initialization started
[INFO] [2017-11-09 22:05:29][org.springframework.web.context.support.XmlWebApplicationContext]Refreshing Root WebApplicationContext: startup date [Thu Nov 09 22:05:29 CST 2017]; root of context hierarchy
[INFO] [2017-11-09 22:05:29][org.springframework.beans.factory.xml.XmlBeanDefinitionReader]Loading XML bean definitions from class path resource [spring/spring-mybatis.xml]
[INFO] [2017-11-09 22:05:30][org.springframework.beans.factory.annotation.AutowiredAnnotationBeanPostProcessor]JSR-330 'javax.inject.Inject' annotation found and supported for autowiring
[INFO] [2017-11-09 22:05:31][org.springframework.web.context.ContextLoader]Root WebApplicationContext: initialization completed in 1588 ms
[INFO] [2017-11-09 22:05:31][org.springframework.web.servlet.DispatcherServlet]FrameworkServlet 'SpringMVC': initialization started
[INFO] [2017-11-09 22:05:31][org.springframework.web.context.support.XmlWebApplicationContext]Refreshing WebApplicationContext for namespace 'SpringMVC-servlet': startup date [Thu Nov 09 22:05:31 CST 2017]; parent: Root WebApplicationContext
[INFO] [2017-11-09 22:05:31][org.springframework.beans.factory.xml.XmlBeanDefinitionReader]Loading XML bean definitions from class path resource [spring/spring-mvc.xml]
[ERROR] [2017-11-09 22:05:31][org.springframework.web.servlet.DispatcherServlet]Context initialization failed
org.springframework.beans.factory.xml.XmlBeanDefinitionStoreException: Line 24 in XML document from class path resource [spring/spring-mvc.xml] is invalid; nested exception is org.xml.sax.SAXParseException; lineNumber: 24; columnNumber: 26; cvc-complex-type.2.4.c: 通配符的匹配很全面, 但无法找到元素 'mvc:annotation-driver' 的声明。
	at org.springframework.beans.factory.xml.XmlBeanDefinitionReader.doLoadBeanDefinitions(XmlBeanDefinitionReader.java:399)
	at org.springframework.beans.factory.xml.XmlBeanDefinitionReader.loadBeanDefinitions(XmlBeanDefinitionReader.java:336)
	at org.springframework.beans.factory.xml.XmlBeanDefinitionReader.loadBeanDefinitions(XmlBeanDefinitionReader.java:304)
	at org.springframework.beans.factory.support.AbstractBeanDefinitionReader.loadBeanDefinitions(AbstractBeanDefinitionReader.java:181)
	at org.springframework.beans.factory.support.AbstractBeanDefinitionReader.loadBeanDefinitions(AbstractBeanDefinitionReader.java:217)
	at org.springframework.beans.factory.support.AbstractBeanDefinitionReader.loadBeanDefinitions(AbstractBeanDefinitionReader.java:188)
	at org.springframework.web.context.support.XmlWebApplicationContext.loadBeanDefinitions(XmlWebApplicationContext.java:125)
	at org.springframework.web.context.support.XmlWebApplicationContext.loadBeanDefinitions(XmlWebApplicationContext.java:94)
	at org.springframework.context.support.AbstractRefreshableApplicationContext.refreshBeanFactory(AbstractRefreshableApplicationContext.java:129)
	at org.springframework.context.support.AbstractApplicationContext.obtainFreshBeanFactory(AbstractApplicationContext.java:613)
	at org.springframework.context.support.AbstractApplicationContext.refresh(AbstractApplicationContext.java:514)
	at org.springframework.web.servlet.FrameworkServlet.configureAndRefreshWebApplicationContext(FrameworkServlet.java:668)
	at org.springframework.web.servlet.FrameworkServlet.createWebApplicationContext(FrameworkServlet.java:634)
	at org.springframework.web.servlet.FrameworkServlet.createWebApplicationContext(FrameworkServlet.java:682)
	at org.springframework.web.servlet.FrameworkServlet.initWebApplicationContext(FrameworkServlet.java:553)
	at org.springframework.web.servlet.FrameworkServlet.initServletBean(FrameworkServlet.java:494)
	at org.springframework.web.servlet.HttpServletBean.init(HttpServletBean.java:138)
	at javax.servlet.GenericServlet.init(GenericServlet.java:244)
	at org.eclipse.jetty.servlet.ServletHolder.initServlet(ServletHolder.java:637)
	at org.eclipse.jetty.servlet.ServletHolder.initialize(ServletHolder.java:421)
	at org.eclipse.jetty.servlet.ServletHandler.initialize(ServletHandler.java:760)
	at org.eclipse.jetty.servlet.ServletContextHandler.startContext(ServletContextHandler.java:348)
	at org.eclipse.jetty.webapp.WebAppContext.startWebapp(WebAppContext.java:1514)
	at org.eclipse.jetty.maven.plugin.JettyWebAppContext.startWebapp(JettyWebAppContext.java:359)
	at org.eclipse.jetty.webapp.WebAppContext.startContext(WebAppContext.java:1476)
	at org.eclipse.jetty.server.handler.ContextHandler.doStart(ContextHandler.java:785)
	at org.eclipse.jetty.servlet.ServletContextHandler.doStart(ServletContextHandler.java:261)
	at org.eclipse.jetty.webapp.WebAppContext.doStart(WebAppContext.java:545)
	at org.eclipse.jetty.maven.plugin.JettyWebAppContext.doStart(JettyWebAppContext.java:434)
	at org.eclipse.jetty.util.component.AbstractLifeCycle.start(AbstractLifeCycle.java:68)
	at org.eclipse.jetty.util.component.ContainerLifeCycle.start(ContainerLifeCycle.java:131)
	at org.eclipse.jetty.util.component.ContainerLifeCycle.doStart(ContainerLifeCycle.java:113)
	at org.eclipse.jetty.server.handler.AbstractHandler.doStart(AbstractHandler.java:113)
	at org.eclipse.jetty.server.handler.ContextHandlerCollection.doStart(ContextHandlerCollection.java:167)
	at org.eclipse.jetty.util.component.AbstractLifeCycle.start(AbstractLifeCycle.java:68)
	at org.eclipse.jetty.util.component.ContainerLifeCycle.start(ContainerLifeCycle.java:131)
	at org.eclipse.jetty.util.component.ContainerLifeCycle.doStart(ContainerLifeCycle.java:113)
	at org.eclipse.jetty.server.handler.AbstractHandler.doStart(AbstractHandler.java:113)
	at org.eclipse.jetty.util.component.AbstractLifeCycle.start(AbstractLifeCycle.java:68)
	at org.eclipse.jetty.util.component.ContainerLifeCycle.start(ContainerLifeCycle.java:131)
	at org.eclipse.jetty.server.Server.start(Server.java:449)
	at org.eclipse.jetty.util.component.ContainerLifeCycle.doStart(ContainerLifeCycle.java:105)
	at org.eclipse.jetty.server.handler.AbstractHandler.doStart(AbstractHandler.java:113)
	at org.eclipse.jetty.server.Server.doStart(Server.java:416)
	at org.eclipse.jetty.util.component.AbstractLifeCycle.start(AbstractLifeCycle.java:68)
	at org.eclipse.jetty.maven.plugin.AbstractJettyMojo.startJetty(AbstractJettyMojo.java:467)
	at org.eclipse.jetty.maven.plugin.AbstractJettyMojo.execute(AbstractJettyMojo.java:333)
	at org.eclipse.jetty.maven.plugin.JettyRunMojo.execute(JettyRunMojo.java:180)
	at org.apache.maven.plugin.DefaultBuildPluginManager.executeMojo(DefaultBuildPluginManager.java:134)
	at org.apache.maven.lifecycle.internal.MojoExecutor.execute(MojoExecutor.java:207)
	at org.apache.maven.lifecycle.internal.MojoExecutor.execute(MojoExecutor.java:153)
	at org.apache.maven.lifecycle.internal.MojoExecutor.execute(MojoExecutor.java:145)
	at org.apache.maven.lifecycle.internal.LifecycleModuleBuilder.buildProject(LifecycleModuleBuilder.java:116)
	at org.apache.maven.lifecycle.internal.LifecycleModuleBuilder.buildProject(LifecycleModuleBuilder.java:80)
	at org.apache.maven.lifecycle.internal.builder.singlethreaded.SingleThreadedBuilder.build(SingleThreadedBuilder.java:51)
	at org.apache.maven.lifecycle.internal.LifecycleStarter.execute(LifecycleStarter.java:128)
	at org.apache.maven.DefaultMaven.doExecute(DefaultMaven.java:307)
	at org.apache.maven.DefaultMaven.doExecute(DefaultMaven.java:193)
	at org.apache.maven.DefaultMaven.execute(DefaultMaven.java:106)
	at org.apache.maven.cli.MavenCli.execute(MavenCli.java:863)
	at org.apache.maven.cli.MavenCli.doMain(MavenCli.java:288)
	at org.apache.maven.cli.MavenCli.main(MavenCli.java:199)
	at sun.reflect.NativeMethodAccessorImpl.invoke0(Native Method)
	at sun.reflect.NativeMethodAccessorImpl.invoke(NativeMethodAccessorImpl.java:62)
	at sun.reflect.DelegatingMethodAccessorImpl.invoke(DelegatingMethodAccessorImpl.java:43)
	at java.lang.reflect.Method.invoke(Method.java:498)
	at org.codehaus.plexus.classworlds.launcher.Launcher.launchEnhanced(Launcher.java:289)
	at org.codehaus.plexus.classworlds.launcher.Launcher.launch(Launcher.java:229)
	at org.codehaus.plexus.classworlds.launcher.Launcher.mainWithExitCode(Launcher.java:415)
	at org.codehaus.plexus.classworlds.launcher.Launcher.main(Launcher.java:356)
Caused by: org.xml.sax.SAXParseException; lineNumber: 24; columnNumber: 26; cvc-complex-type.2.4.c: 通配符的匹配很全面, 但无法找到元素 'mvc:annotation-driver' 的声明。
	at com.sun.org.apache.xerces.internal.util.ErrorHandlerWrapper.createSAXParseException(ErrorHandlerWrapper.java:203)
	at com.sun.org.apache.xerces.internal.util.ErrorHandlerWrapper.error(ErrorHandlerWrapper.java:134)
	at com.sun.org.apache.xerces.internal.impl.XMLErrorReporter.reportError(XMLErrorReporter.java:396)
	at com.sun.org.apache.xerces.internal.impl.XMLErrorReporter.reportError(XMLErrorReporter.java:327)
	at com.sun.org.apache.xerces.internal.impl.XMLErrorReporter.reportError(XMLErrorReporter.java:284)
	at com.sun.org.apache.xerces.internal.impl.xs.XMLSchemaValidator$XSIErrorReporter.reportError(XMLSchemaValidator.java:452)
	at com.sun.org.apache.xerces.internal.impl.xs.XMLSchemaValidator.reportSchemaError(XMLSchemaValidator.java:3230)
	at com.sun.org.apache.xerces.internal.impl.xs.XMLSchemaValidator.handleStartElement(XMLSchemaValidator.java:1911)
	at com.sun.org.apache.xerces.internal.impl.xs.XMLSchemaValidator.emptyElement(XMLSchemaValidator.java:760)
	at com.sun.org.apache.xerces.internal.impl.XMLNSDocumentScannerImpl.scanStartElement(XMLNSDocumentScannerImpl.java:351)
	at com.sun.org.apache.xerces.internal.impl.XMLDocumentFragmentScannerImpl$FragmentContentDriver.next(XMLDocumentFragmentScannerImpl.java:2784)
	at com.sun.org.apache.xerces.internal.impl.XMLDocumentScannerImpl.next(XMLDocumentScannerImpl.java:602)
	at com.sun.org.apache.xerces.internal.impl.XMLNSDocumentScannerImpl.next(XMLNSDocumentScannerImpl.java:112)
	at com.sun.org.apache.xerces.internal.impl.XMLDocumentFragmentScannerImpl.scanDocument(XMLDocumentFragmentScannerImpl.java:505)
	at com.sun.org.apache.xerces.internal.parsers.XML11Configuration.parse(XML11Configuration.java:841)
	at com.sun.org.apache.xerces.internal.parsers.XML11Configuration.parse(XML11Configuration.java:770)
	at com.sun.org.apache.xerces.internal.parsers.XMLParser.parse(XMLParser.java:141)
	at com.sun.org.apache.xerces.internal.parsers.DOMParser.parse(DOMParser.java:243)
	at com.sun.org.apache.xerces.internal.jaxp.DocumentBuilderImpl.parse(DocumentBuilderImpl.java:339)
	at org.springframework.beans.factory.xml.DefaultDocumentLoader.loadDocument(DefaultDocumentLoader.java:76)
	at org.springframework.beans.factory.xml.XmlBeanDefinitionReader.doLoadDocument(XmlBeanDefinitionReader.java:429)
	at org.springframework.beans.factory.xml.XmlBeanDefinitionReader.doLoadBeanDefinitions(XmlBeanDefinitionReader.java:391)
	... 69 more
[INFO] [2017-11-09 22:15:21][org.springframework.web.context.ContextLoader]Root WebApplicationContext: initialization started
[INFO] [2017-11-09 22:15:21][org.springframework.web.context.support.XmlWebApplicationContext]Refreshing Root WebApplicationContext: startup date [Thu Nov 09 22:15:21 CST 2017]; root of context hierarchy
[INFO] [2017-11-09 22:15:21][org.springframework.beans.factory.xml.XmlBeanDefinitionReader]Loading XML bean definitions from class path resource [spring/spring-mybatis.xml]
[INFO] [2017-11-09 22:15:21][org.springframework.beans.factory.annotation.AutowiredAnnotationBeanPostProcessor]JSR-330 'javax.inject.Inject' annotation found and supported for autowiring
[INFO] [2017-11-09 22:15:22][org.springframework.web.context.ContextLoader]Root WebApplicationContext: initialization completed in 1447 ms
[INFO] [2017-11-09 22:15:22][org.springframework.web.servlet.DispatcherServlet]FrameworkServlet 'SpringMVC': initialization started
[INFO] [2017-11-09 22:15:22][org.springframework.web.context.support.XmlWebApplicationContext]Refreshing WebApplicationContext for namespace 'SpringMVC-servlet': startup date [Thu Nov 09 22:15:22 CST 2017]; parent: Root WebApplicationContext
[INFO] [2017-11-09 22:15:22][org.springframework.beans.factory.xml.XmlBeanDefinitionReader]Loading XML bean definitions from class path resource [spring/spring-mvc.xml]
[INFO] [2017-11-09 22:15:22][org.springframework.beans.factory.annotation.AutowiredAnnotationBeanPostProcessor]JSR-330 'javax.inject.Inject' annotation found and supported for autowiring
[INFO] [2017-11-09 22:15:22][org.springframework.web.servlet.handler.SimpleUrlHandlerMapping]Mapped URL path [/images/**] onto handler 'org.springframework.web.servlet.resource.ResourceHttpRequestHandler#0'
[INFO] [2017-11-09 22:15:22][org.springframework.web.servlet.handler.SimpleUrlHandlerMapping]Mapped URL path [/js/**] onto handler 'org.springframework.web.servlet.resource.ResourceHttpRequestHandler#1'
[INFO] [2017-11-09 22:15:22][org.springframework.web.servlet.handler.SimpleUrlHandlerMapping]Mapped URL path [/css/**] onto handler 'org.springframework.web.servlet.resource.ResourceHttpRequestHandler#2'
[INFO] [2017-11-09 22:15:22][org.springframework.web.servlet.handler.SimpleUrlHandlerMapping]Mapped URL path [/plugins/**] onto handler 'org.springframework.web.servlet.resource.ResourceHttpRequestHandler#3'
[INFO] [2017-11-09 22:15:23][org.springframework.web.servlet.DispatcherServlet]FrameworkServlet 'SpringMVC': initialization completed in 644 ms
[WARN] [2017-11-09 22:16:01][org.springframework.web.servlet.PageNotFound]No mapping found for HTTP request with URI [/admin/index] in DispatcherServlet with name 'SpringMVC'
[WARN] [2017-11-09 22:16:01][org.springframework.web.servlet.PageNotFound]No mapping found for HTTP request with URI [/favicon.ico] in DispatcherServlet with name 'SpringMVC'
[INFO] [2017-11-09 22:16:31][org.springframework.web.context.ContextLoader]Root WebApplicationContext: initialization started
[INFO] [2017-11-09 22:16:31][org.springframework.web.context.support.XmlWebApplicationContext]Refreshing Root WebApplicationContext: startup date [Thu Nov 09 22:16:31 CST 2017]; root of context hierarchy
[INFO] [2017-11-09 22:16:31][org.springframework.beans.factory.xml.XmlBeanDefinitionReader]Loading XML bean definitions from class path resource [spring/spring-mybatis.xml]
[INFO] [2017-11-09 22:16:31][org.springframework.beans.factory.annotation.AutowiredAnnotationBeanPostProcessor]JSR-330 'javax.inject.Inject' annotation found and supported for autowiring
[INFO] [2017-11-09 22:16:32][org.springframework.web.context.ContextLoader]Root WebApplicationContext: initialization completed in 1261 ms
[INFO] [2017-11-09 22:16:32][org.springframework.web.servlet.DispatcherServlet]FrameworkServlet 'SpringMVC': initialization started
[INFO] [2017-11-09 22:16:32][org.springframework.web.context.support.XmlWebApplicationContext]Refreshing WebApplicationContext for namespace 'SpringMVC-servlet': startup date [Thu Nov 09 22:16:32 CST 2017]; parent: Root WebApplicationContext
[INFO] [2017-11-09 22:16:32][org.springframework.beans.factory.xml.XmlBeanDefinitionReader]Loading XML bean definitions from class path resource [spring/spring-mvc.xml]
[INFO] [2017-11-09 22:16:32][org.springframework.beans.factory.annotation.AutowiredAnnotationBeanPostProcessor]JSR-330 'javax.inject.Inject' annotation found and supported for autowiring
[INFO] [2017-11-09 22:16:33][org.springframework.web.servlet.handler.SimpleUrlHandlerMapping]Mapped URL path [/images/**] onto handler 'org.springframework.web.servlet.resource.ResourceHttpRequestHandler#0'
[INFO] [2017-11-09 22:16:33][org.springframework.web.servlet.handler.SimpleUrlHandlerMapping]Mapped URL path [/js/**] onto handler 'org.springframework.web.servlet.resource.ResourceHttpRequestHandler#1'
[INFO] [2017-11-09 22:16:33][org.springframework.web.servlet.handler.SimpleUrlHandlerMapping]Mapped URL path [/css/**] onto handler 'org.springframework.web.servlet.resource.ResourceHttpRequestHandler#2'
[INFO] [2017-11-09 22:16:33][org.springframework.web.servlet.handler.SimpleUrlHandlerMapping]Mapped URL path [/plugins/**] onto handler 'org.springframework.web.servlet.resource.ResourceHttpRequestHandler#3'
[INFO] [2017-11-09 22:16:33][org.springframework.web.servlet.handler.SimpleUrlHandlerMapping]Mapped URL path [/**] onto handler 'org.springframework.web.servlet.resource.DefaultServletHttpRequestHandler#0'
[INFO] [2017-11-09 22:16:33][org.springframework.web.servlet.DispatcherServlet]FrameworkServlet 'SpringMVC': initialization completed in 728 ms
[INFO] [2017-11-09 22:18:44][org.springframework.web.context.ContextLoader]Root WebApplicationContext: initialization started
[INFO] [2017-11-09 22:18:44][org.springframework.web.context.support.XmlWebApplicationContext]Refreshing Root WebApplicationContext: startup date [Thu Nov 09 22:18:44 CST 2017]; root of context hierarchy
[INFO] [2017-11-09 22:18:44][org.springframework.beans.factory.xml.XmlBeanDefinitionReader]Loading XML bean definitions from class path resource [spring/spring-mybatis.xml]
[INFO] [2017-11-09 22:18:45][org.springframework.beans.factory.annotation.AutowiredAnnotationBeanPostProcessor]JSR-330 'javax.inject.Inject' annotation found and supported for autowiring
[INFO] [2017-11-09 22:18:45][org.springframework.web.context.ContextLoader]Root WebApplicationContext: initialization completed in 1424 ms
[INFO] [2017-11-09 22:18:45][org.springframework.web.servlet.DispatcherServlet]FrameworkServlet 'SpringMVC': initialization started
[INFO] [2017-11-09 22:18:45][org.springframework.web.context.support.XmlWebApplicationContext]Refreshing WebApplicationContext for namespace 'SpringMVC-servlet': startup date [Thu Nov 09 22:18:45 CST 2017]; parent: Root WebApplicationContext
[INFO] [2017-11-09 22:18:45][org.springframework.beans.factory.xml.XmlBeanDefinitionReader]Loading XML bean definitions from class path resource [spring/spring-mvc.xml]
[INFO] [2017-11-09 22:18:46][org.springframework.beans.factory.annotation.AutowiredAnnotationBeanPostProcessor]JSR-330 'javax.inject.Inject' annotation found and supported for autowiring
[INFO] [2017-11-09 22:18:46][org.springframework.web.servlet.handler.SimpleUrlHandlerMapping]Mapped URL path [/images/**] onto handler 'org.springframework.web.servlet.resource.ResourceHttpRequestHandler#0'
[INFO] [2017-11-09 22:18:46][org.springframework.web.servlet.handler.SimpleUrlHandlerMapping]Mapped URL path [/js/**] onto handler 'org.springframework.web.servlet.resource.ResourceHttpRequestHandler#1'
[INFO] [2017-11-09 22:18:46][org.springframework.web.servlet.handler.SimpleUrlHandlerMapping]Mapped URL path [/css/**] onto handler 'org.springframework.web.servlet.resource.ResourceHttpRequestHandler#2'
[INFO] [2017-11-09 22:18:46][org.springframework.web.servlet.handler.SimpleUrlHandlerMapping]Mapped URL path [/plugins/**] onto handler 'org.springframework.web.servlet.resource.ResourceHttpRequestHandler#3'
[INFO] [2017-11-09 22:18:46][org.springframework.web.servlet.handler.SimpleUrlHandlerMapping]Mapped URL path [/**] onto handler 'org.springframework.web.servlet.resource.DefaultServletHttpRequestHandler#0'
[INFO] [2017-11-09 22:18:46][org.springframework.web.servlet.DispatcherServlet]FrameworkServlet 'SpringMVC': initialization completed in 895 ms
[INFO] [2017-11-09 22:19:42][org.springframework.web.context.ContextLoader]Root WebApplicationContext: initialization started
[INFO] [2017-11-09 22:19:42][org.springframework.web.context.support.XmlWebApplicationContext]Refreshing Root WebApplicationContext: startup date [Thu Nov 09 22:19:42 CST 2017]; root of context hierarchy
[INFO] [2017-11-09 22:19:42][org.springframework.beans.factory.xml.XmlBeanDefinitionReader]Loading XML bean definitions from class path resource [spring/spring-mybatis.xml]
[INFO] [2017-11-09 22:19:42][org.springframework.beans.factory.annotation.AutowiredAnnotationBeanPostProcessor]JSR-330 'javax.inject.Inject' annotation found and supported for autowiring
[INFO] [2017-11-09 22:19:43][org.springframework.web.context.ContextLoader]Root WebApplicationContext: initialization completed in 1323 ms
[INFO] [2017-11-09 22:19:43][org.springframework.web.servlet.DispatcherServlet]FrameworkServlet 'SpringMVC': initialization started
[INFO] [2017-11-09 22:19:43][org.springframework.web.context.support.XmlWebApplicationContext]Refreshing WebApplicationContext for namespace 'SpringMVC-servlet': startup date [Thu Nov 09 22:19:43 CST 2017]; parent: Root WebApplicationContext
[INFO] [2017-11-09 22:19:43][org.springframework.beans.factory.xml.XmlBeanDefinitionReader]Loading XML bean definitions from class path resource [spring/spring-mvc.xml]
[INFO] [2017-11-09 22:19:43][org.springframework.beans.factory.annotation.AutowiredAnnotationBeanPostProcessor]JSR-330 'javax.inject.Inject' annotation found and supported for autowiring
[INFO] [2017-11-09 22:19:43][org.springframework.web.servlet.handler.SimpleUrlHandlerMapping]Mapped URL path [/images/**] onto handler 'org.springframework.web.servlet.resource.ResourceHttpRequestHandler#0'
[INFO] [2017-11-09 22:19:43][org.springframework.web.servlet.handler.SimpleUrlHandlerMapping]Mapped URL path [/js/**] onto handler 'org.springframework.web.servlet.resource.ResourceHttpRequestHandler#1'
[INFO] [2017-11-09 22:19:43][org.springframework.web.servlet.handler.SimpleUrlHandlerMapping]Mapped URL path [/css/**] onto handler 'org.springframework.web.servlet.resource.ResourceHttpRequestHandler#2'
[INFO] [2017-11-09 22:19:43][org.springframework.web.servlet.handler.SimpleUrlHandlerMapping]Mapped URL path [/plugins/**] onto handler 'org.springframework.web.servlet.resource.ResourceHttpRequestHandler#3'
[INFO] [2017-11-09 22:19:43][org.springframework.web.servlet.handler.SimpleUrlHandlerMapping]Mapped URL path [/**] onto handler 'org.springframework.web.servlet.resource.DefaultServletHttpRequestHandler#0'
[INFO] [2017-11-09 22:19:44][org.springframework.web.servlet.DispatcherServlet]FrameworkServlet 'SpringMVC': initialization completed in 714 ms
[INFO] [2017-11-09 22:20:23][org.springframework.web.context.ContextLoader]Root WebApplicationContext: initialization started
[INFO] [2017-11-09 22:20:23][org.springframework.web.context.support.XmlWebApplicationContext]Refreshing Root WebApplicationContext: startup date [Thu Nov 09 22:20:23 CST 2017]; root of context hierarchy
[INFO] [2017-11-09 22:20:23][org.springframework.beans.factory.xml.XmlBeanDefinitionReader]Loading XML bean definitions from class path resource [spring/spring-mybatis.xml]
[INFO] [2017-11-09 22:20:23][org.springframework.beans.factory.annotation.AutowiredAnnotationBeanPostProcessor]JSR-330 'javax.inject.Inject' annotation found and supported for autowiring
[INFO] [2017-11-09 22:20:24][org.springframework.web.context.ContextLoader]Root WebApplicationContext: initialization completed in 1119 ms
[INFO] [2017-11-09 22:20:24][org.springframework.web.servlet.DispatcherServlet]FrameworkServlet 'SpringMVC': initialization started
[INFO] [2017-11-09 22:20:24][org.springframework.web.context.support.XmlWebApplicationContext]Refreshing WebApplicationContext for namespace 'SpringMVC-servlet': startup date [Thu Nov 09 22:20:24 CST 2017]; parent: Root WebApplicationContext
[INFO] [2017-11-09 22:20:24][org.springframework.beans.factory.xml.XmlBeanDefinitionReader]Loading XML bean definitions from class path resource [spring/spring-mvc.xml]
[INFO] [2017-11-09 22:20:24][org.springframework.beans.factory.annotation.AutowiredAnnotationBeanPostProcessor]JSR-330 'javax.inject.Inject' annotation found and supported for autowiring
[INFO] [2017-11-09 22:20:24][org.springframework.web.servlet.handler.SimpleUrlHandlerMapping]Mapped URL path [/images/**] onto handler 'org.springframework.web.servlet.resource.ResourceHttpRequestHandler#0'
[INFO] [2017-11-09 22:20:24][org.springframework.web.servlet.handler.SimpleUrlHandlerMapping]Mapped URL path [/js/**] onto handler 'org.springframework.web.servlet.resource.ResourceHttpRequestHandler#1'
[INFO] [2017-11-09 22:20:24][org.springframework.web.servlet.handler.SimpleUrlHandlerMapping]Mapped URL path [/css/**] onto handler 'org.springframework.web.servlet.resource.ResourceHttpRequestHandler#2'
[INFO] [2017-11-09 22:20:24][org.springframework.web.servlet.handler.SimpleUrlHandlerMapping]Mapped URL path [/plugins/**] onto handler 'org.springframework.web.servlet.resource.ResourceHttpRequestHandler#3'
[INFO] [2017-11-09 22:20:24][org.springframework.web.servlet.handler.SimpleUrlHandlerMapping]Mapped URL path [/**] onto handler 'org.springframework.web.servlet.resource.DefaultServletHttpRequestHandler#0'
[INFO] [2017-11-09 22:20:25][org.springframework.web.servlet.DispatcherServlet]FrameworkServlet 'SpringMVC': initialization completed in 815 ms
[INFO] [2017-11-09 22:20:48][org.springframework.web.context.ContextLoader]Root WebApplicationContext: initialization started
[INFO] [2017-11-09 22:20:48][org.springframework.web.context.support.XmlWebApplicationContext]Refreshing Root WebApplicationContext: startup date [Thu Nov 09 22:20:48 CST 2017]; root of context hierarchy
[INFO] [2017-11-09 22:20:48][org.springframework.beans.factory.xml.XmlBeanDefinitionReader]Loading XML bean definitions from class path resource [spring/spring-mybatis.xml]
[INFO] [2017-11-09 22:20:49][org.springframework.beans.factory.annotation.AutowiredAnnotationBeanPostProcessor]JSR-330 'javax.inject.Inject' annotation found and supported for autowiring
[INFO] [2017-11-09 22:20:49][org.springframework.web.context.ContextLoader]Root WebApplicationContext: initialization completed in 1290 ms
[INFO] [2017-11-09 22:20:49][org.springframework.web.servlet.DispatcherServlet]FrameworkServlet 'SpringMVC': initialization started
[INFO] [2017-11-09 22:20:49][org.springframework.web.context.support.XmlWebApplicationContext]Refreshing WebApplicationContext for namespace 'SpringMVC-servlet': startup date [Thu Nov 09 22:20:49 CST 2017]; parent: Root WebApplicationContext
[INFO] [2017-11-09 22:20:49][org.springframework.beans.factory.xml.XmlBeanDefinitionReader]Loading XML bean definitions from class path resource [spring/spring-mvc.xml]
[INFO] [2017-11-09 22:20:50][org.springframework.beans.factory.annotation.AutowiredAnnotationBeanPostProcessor]JSR-330 'javax.inject.Inject' annotation found and supported for autowiring
[INFO] [2017-11-09 22:20:50][org.springframework.web.servlet.handler.SimpleUrlHandlerMapping]Mapped URL path [/**] onto handler 'org.springframework.web.servlet.resource.DefaultServletHttpRequestHandler#0'
[INFO] [2017-11-09 22:20:50][org.springframework.web.servlet.DispatcherServlet]FrameworkServlet 'SpringMVC': initialization completed in 585 ms
[INFO] [2017-11-09 22:21:12][org.springframework.web.context.ContextLoader]Root WebApplicationContext: initialization started
[INFO] [2017-11-09 22:21:12][org.springframework.web.context.support.XmlWebApplicationContext]Refreshing Root WebApplicationContext: startup date [Thu Nov 09 22:21:12 CST 2017]; root of context hierarchy
[INFO] [2017-11-09 22:21:13][org.springframework.beans.factory.xml.XmlBeanDefinitionReader]Loading XML bean definitions from class path resource [spring/spring-mybatis.xml]
[INFO] [2017-11-09 22:21:13][org.springframework.beans.factory.annotation.AutowiredAnnotationBeanPostProcessor]JSR-330 'javax.inject.Inject' annotation found and supported for autowiring
[INFO] [2017-11-09 22:21:14][org.springframework.web.context.ContextLoader]Root WebApplicationContext: initialization completed in 1244 ms
[INFO] [2017-11-09 22:21:14][org.springframework.web.servlet.DispatcherServlet]FrameworkServlet 'SpringMVC': initialization started
[INFO] [2017-11-09 22:21:14][org.springframework.web.context.support.XmlWebApplicationContext]Refreshing WebApplicationContext for namespace 'SpringMVC-servlet': startup date [Thu Nov 09 22:21:14 CST 2017]; parent: Root WebApplicationContext
[INFO] [2017-11-09 22:21:14][org.springframework.beans.factory.xml.XmlBeanDefinitionReader]Loading XML bean definitions from class path resource [spring/spring-mvc.xml]
[INFO] [2017-11-09 22:21:14][org.springframework.beans.factory.annotation.AutowiredAnnotationBeanPostProcessor]JSR-330 'javax.inject.Inject' annotation found and supported for autowiring
[INFO] [2017-11-09 22:21:14][org.springframework.web.servlet.mvc.annotation.DefaultAnnotationHandlerMapping]Mapped URL path [/admin/index] onto handler 'userController'
[INFO] [2017-11-09 22:21:14][org.springframework.web.servlet.mvc.annotation.DefaultAnnotationHandlerMapping]Mapped URL path [/admin/index.*] onto handler 'userController'
[INFO] [2017-11-09 22:21:14][org.springframework.web.servlet.mvc.annotation.DefaultAnnotationHandlerMapping]Mapped URL path [/admin/index/] onto handler 'userController'
[INFO] [2017-11-09 22:21:14][org.springframework.web.servlet.DispatcherServlet]FrameworkServlet 'SpringMVC': initialization completed in 548 ms
[WARN] [2017-11-09 22:21:25][org.springframework.web.servlet.PageNotFound]No mapping found for HTTP request with URI [/css/bootstrap.min.css] in DispatcherServlet with name 'SpringMVC'
[WARN] [2017-11-09 22:21:25][org.springframework.web.servlet.PageNotFound]No mapping found for HTTP request with URI [/css/skins/skin-blue.css] in DispatcherServlet with name 'SpringMVC'
[WARN] [2017-11-09 22:21:25][org.springframework.web.servlet.PageNotFound]No mapping found for HTTP request with URI [/plugins/jQuery/jquery-2.2.3.min.js] in DispatcherServlet with name 'SpringMVC'
[WARN] [2017-11-09 22:21:25][org.springframework.web.servlet.PageNotFound]No mapping found for HTTP request with URI [/plugins/iCheck/icheck.min.js] in DispatcherServlet with name 'SpringMVC'
[WARN] [2017-11-09 22:21:25][org.springframework.web.servlet.PageNotFound]No mapping found for HTTP request with URI [/css/AdminLTE.min.css] in DispatcherServlet with name 'SpringMVC'
[WARN] [2017-11-09 22:21:25][org.springframework.web.servlet.PageNotFound]No mapping found for HTTP request with URI [/js/bootstrap.min.js] in DispatcherServlet with name 'SpringMVC'
[WARN] [2017-11-09 22:21:25][org.springframework.web.servlet.PageNotFound]No mapping found for HTTP request with URI [/js/bootstrap.min.js] in DispatcherServlet with name 'SpringMVC'
[WARN] [2017-11-09 22:21:25][org.springframework.web.servlet.PageNotFound]No mapping found for HTTP request with URI [/plugins/iCheck/icheck.min.js] in DispatcherServlet with name 'SpringMVC'
